Arguments: 
  /usr/local/bin/node /Users/huyhoang/.yarn/releases/yarn-1.22.19.cjs add concurrently npm-run-all

PATH: 
  /usr/local/mysql-8.0.32-macos13-arm64/bin:/opt/homebrew/bin:/opt/homebrew/sbin:/usr/local/bin:/System/Cryptexes/App/usr/bin:/usr/bin:/bin:/usr/sbin:/sbin:/usr/local/go/bin:/usr/local/mysql-8.0.32-macos13-arm64/bin:/opt/homebrew/bin:/opt/homebrew/sbin

Yarn version: 
  1.22.19

Node version: 
  18.16.1

Platform: 
  darwin arm64

Trace: 
  SyntaxError: /Users/huyhoang/Documents/2023/TuHoc/Node/adapter-86z/package.json: Unexpected end of JSON input
      at JSON.parse (<anonymous>)
      at /Users/huyhoang/.yarn/releases/yarn-1.22.19.cjs:1104:57
      at Generator.next (<anonymous>)
      at step (/Users/huyhoang/.yarn/releases/yarn-1.22.19.cjs:310:30)
      at /Users/huyhoang/.yarn/releases/yarn-1.22.19.cjs:321:13

npm manifest: 
  

yarn manifest: 
  No manifest

Lockfile: 
  No lockfile
